{
  "stats": {
    "suites": 50,
    "tests": 147,
    "passes": 147,
    "pending": 0,
    "failures": 0,
    "start": "2017-12-07T04:45:01.000Z",
    "end": "2017-12-07T04:46:57.573Z",
    "duration": 116573,
    "testsRegistered": 147,
    "passPercent": 100,
    "pendingPercent": 0,
    "other": 0,
    "hasOther": false,
    "skipped": 0,
    "hasSkipped": false,
    "passPercentClass": "success",
    "pendingPercentClass": "danger"
  },
  "suites": {
    "uuid": "11a7a8ca-ac0a-452e-a994-76d3a65af308",
    "title": "",
    "fullFile": "",
    "file": "",
    "beforeHooks": [],
    "afterHooks": [],
    "tests": [],
    "suites": [
      {
        "uuid": "94fd0e82-eb56-45e0-a3ac-0dbd6dadbf81",
        "title": "BallotsStorageMock",
        "fullFile": "",
        "file": "",
        "beforeHooks": [
          {
            "title": "\"before all\" hook: prepare suite",
            "fullTitle": "BallotsStorageMock \"before all\" hook: prepare suite",
            "timedOut": false,
            "duration": 0,
            "pass": false,
            "fail": false,
            "pending": false,
            "code": "series([\n  runner.initialize.bind(runner),\n  self.compileNewAbstractInterface.bind(this, runner),\n  self.deployTestDependencies.bind(this, abstraction, dependency_paths, runner)\n], done);",
            "err": {},
            "isRoot": false,
            "uuid": "621f4dd5-4df7-46ed-93f9-2976ba48c85a",
            "isHook": true,
            "skipped": false
          },
          {
            "title": "\"before each\" hook: before test",
            "fullTitle": "BallotsStorageMock \"before each\" hook: before test",
            "timedOut": false,
            "duration": 0,
            "pass": false,
            "fail": false,
            "pending": false,
            "code": "runner.startTest(this, done);",
            "err": {},
            "isRoot": false,
            "uuid": "16e16daf-28f1-48a0-a7a7-48007182be4a",
            "isHook": true,
            "skipped": false
          }
        ],
        "afterHooks": [
          {
            "title": "\"after each\" hook: after test",
            "fullTitle": "BallotsStorageMock \"after each\" hook: after test",
            "timedOut": false,
            "duration": 0,
            "pass": false,
            "fail": false,
            "pending": false,
            "code": "runner.endTest(this, done);",
            "err": {},
            "isRoot": false,
            "uuid": "5eb3ff65-fc56-4ff1-a1ac-b9ab69d2a6de",
            "isHook": true,
            "skipped": false
          }
        ],
        "tests": [],
        "suites": [],
        "passes": [],
        "failures": [],
        "pending": [],
        "skipped": [],
        "duration": 0,
        "root": false,
        "rootEmpty": false,
        "_timeout": 2000
      },
      {
        "uuid": "98ccb78f-9cd1-4069-beed-340902dbc686",
        "title": "KeysManagerMock",
        "fullFile": "",
        "file": "",
        "beforeHooks": [
          {
            "title": "\"before all\" hook: prepare suite",
            "fullTitle": "KeysManagerMock \"before all\" hook: prepare suite",
            "timedOut": false,
            "duration": 0,
            "pass": false,
            "fail": false,
            "pending": false,
            "code": "series([\n  runner.initialize.bind(runner),\n  self.compileNewAbstractInterface.bind(this, runner),\n  self.deployTestDependencies.bind(this, abstraction, dependency_paths, runner)\n], done);",
            "err": {},
            "isRoot": false,
            "uuid": "26700173-ea41-4c67-9fa3-a9236997635e",
            "isHook": true,
            "skipped": false
          },
          {
            "title": "\"before each\" hook: before test",
            "fullTitle": "KeysManagerMock \"before each\" hook: before test",
            "timedOut": false,
            "duration": 0,
            "pass": false,
            "fail": false,
            "pending": false,
            "code": "runner.startTest(this, done);",
            "err": {},
            "isRoot": false,
            "uuid": "ccbe6d1a-240a-4d26-af32-513502ca390f",
            "isHook": true,
            "skipped": false
          }
        ],
        "afterHooks": [
          {
            "title": "\"after each\" hook: after test",
            "fullTitle": "KeysManagerMock \"after each\" hook: after test",
            "timedOut": false,
            "duration": 0,
            "pass": false,
            "fail": false,
            "pending": false,
            "code": "runner.endTest(this, done);",
            "err": {},
            "isRoot": false,
            "uuid": "5d7b2c86-1d1f-49d5-9ec7-a853e6e9d1b8",
            "isHook": true,
            "skipped": false
          }
        ],
        "tests": [],
        "suites": [],
        "passes": [],
        "failures": [],
        "pending": [],
        "skipped": [],
        "duration": 0,
        "root": false,
        "rootEmpty": false,
        "_timeout": 2000
      },
      {
        "uuid": "0c504f2c-3e82-4f93-9bca-1d00356a7db2",
        "title": "PoaNetworkConsensusMock",
        "fullFile": "",
        "file": "",
        "beforeHooks": [
          {
            "title": "\"before all\" hook: prepare suite",
            "fullTitle": "PoaNetworkConsensusMock \"before all\" hook: prepare suite",
            "timedOut": false,
            "duration": 0,
            "pass": false,
            "fail": false,
            "pending": false,
            "code": "series([\n  runner.initialize.bind(runner),\n  self.compileNewAbstractInterface.bind(this, runner),\n  self.deployTestDependencies.bind(this, abstraction, dependency_paths, runner)\n], done);",
            "err": {},
            "isRoot": false,
            "uuid": "68544366-55e1-43ec-9a59-00102bb31d63",
            "isHook": true,
            "skipped": false
          },
          {
            "title": "\"before each\" hook: before test",
            "fullTitle": "PoaNetworkConsensusMock \"before each\" hook: before test",
            "timedOut": false,
            "duration": 0,
            "pass": false,
            "fail": false,
            "pending": false,
            "code": "runner.startTest(this, done);",
            "err": {},
            "isRoot": false,
            "uuid": "7d8e1d13-fc51-4f60-a10f-9a9a9c40d907",
            "isHook": true,
            "skipped": false
          }
        ],
        "afterHooks": [
          {
            "title": "\"after each\" hook: after test",
            "fullTitle": "PoaNetworkConsensusMock \"after each\" hook: after test",
            "timedOut": false,
            "duration": 0,
            "pass": false,
            "fail": false,
            "pending": false,
            "code": "runner.endTest(this, done);",
            "err": {},
            "isRoot": false,
            "uuid": "8cbd11d6-7633-4a6b-91ea-165a4251db98",
            "isHook": true,
            "skipped": false
          }
        ],
        "tests": [],
        "suites": [],
        "passes": [],
        "failures": [],
        "pending": [],
        "skipped": [],
        "duration": 0,
        "root": false,
        "rootEmpty": false,
        "_timeout": 2000
      },
      {
        "uuid": "33dd691b-ece4-425b-9139-326f211a1271",
        "title": "ProxyStorageMock",
        "fullFile": "",
        "file": "",
        "beforeHooks": [
          {
            "title": "\"before all\" hook: prepare suite",
            "fullTitle": "ProxyStorageMock \"before all\" hook: prepare suite",
            "timedOut": false,
            "duration": 0,
            "pass": false,
            "fail": false,
            "pending": false,
            "code": "series([\n  runner.initialize.bind(runner),\n  self.compileNewAbstractInterface.bind(this, runner),\n  self.deployTestDependencies.bind(this, abstraction, dependency_paths, runner)\n], done);",
            "err": {},
            "isRoot": false,
            "uuid": "53ed6158-1633-487f-a3b8-a30fe7ebf9dd",
            "isHook": true,
            "skipped": false
          },
          {
            "title": "\"before each\" hook: before test",
            "fullTitle": "ProxyStorageMock \"before each\" hook: before test",
            "timedOut": false,
            "duration": 0,
            "pass": false,
            "fail": false,
            "pending": false,
            "code": "runner.startTest(this, done);",
            "err": {},
            "isRoot": false,
            "uuid": "74d63250-caf8-4bfb-813c-f913dedd784b",
            "isHook": true,
            "skipped": false
          }
        ],
        "afterHooks": [
          {
            "title": "\"after each\" hook: after test",
            "fullTitle": "ProxyStorageMock \"after each\" hook: after test",
            "timedOut": false,
            "duration": 0,
            "pass": false,
            "fail": false,
            "pending": false,
            "code": "runner.endTest(this, done);",
            "err": {},
            "isRoot": false,
            "uuid": "e1736097-1a94-437b-a2d7-ed28e5dc0c06",
            "isHook": true,
            "skipped": false
          }
        ],
        "tests": [],
        "suites": [],
        "passes": [],
        "failures": [],
        "pending": [],
        "skipped": [],
        "duration": 0,
        "root": false,
        "rootEmpty": false,
        "_timeout": 2000
      },
      {
        "uuid": "f58f7f0f-cf82-46a5-9f14-faf76d124f7c",
        "title": "ValidatorMetadataMock",
        "fullFile": "",
        "file": "",
        "beforeHooks": [
          {
            "title": "\"before all\" hook: prepare suite",
            "fullTitle": "ValidatorMetadataMock \"before all\" hook: prepare suite",
            "timedOut": false,
            "duration": 0,
            "pass": false,
            "fail": false,
            "pending": false,
            "code": "series([\n  runner.initialize.bind(runner),\n  self.compileNewAbstractInterface.bind(this, runner),\n  self.deployTestDependencies.bind(this, abstraction, dependency_paths, runner)\n], done);",
            "err": {},
            "isRoot": false,
            "uuid": "3b5f8f65-721a-4a71-ba50-f4e79fdd6940",
            "isHook": true,
            "skipped": false
          },
          {
            "title": "\"before each\" hook: before test",
            "fullTitle": "ValidatorMetadataMock \"before each\" hook: before test",
            "timedOut": false,
            "duration": 0,
            "pass": false,
            "fail": false,
            "pending": false,
            "code": "runner.startTest(this, done);",
            "err": {},
            "isRoot": false,
            "uuid": "32879ae1-8354-43d8-9dba-cc0d7ace34de",
            "isHook": true,
            "skipped": false
          }
        ],
        "afterHooks": [
          {
            "title": "\"after each\" hook: after test",
            "fullTitle": "ValidatorMetadataMock \"after each\" hook: after test",
            "timedOut": false,
            "duration": 0,
            "pass": false,
            "fail": false,
            "pending": false,
            "code": "runner.endTest(this, done);",
            "err": {},
            "isRoot": false,
            "uuid": "0d06ef84-0028-44c6-b899-c7d467659548",
            "isHook": true,
            "skipped": false
          }
        ],
        "tests": [],
        "suites": [],
        "passes": [],
        "failures": [],
        "pending": [],
        "skipped": [],
        "duration": 0,
        "root": false,
        "rootEmpty": false,
        "_timeout": 2000
      },
      {
        "uuid": "c819efff-2f55-425d-84a2-4179efc7ebf6",
        "title": "VotingToChangeKeysMock",
        "fullFile": "",
        "file": "",
        "beforeHooks": [
          {
            "title": "\"before all\" hook: prepare suite",
            "fullTitle": "VotingToChangeKeysMock \"before all\" hook: prepare suite",
            "timedOut": false,
            "duration": 0,
            "pass": false,
            "fail": false,
            "pending": false,
            "code": "series([\n  runner.initialize.bind(runner),\n  self.compileNewAbstractInterface.bind(this, runner),\n  self.deployTestDependencies.bind(this, abstraction, dependency_paths, runner)\n], done);",
            "err": {},
            "isRoot": false,
            "uuid": "17a46665-97a4-4230-ab6d-fee360a4fa07",
            "isHook": true,
            "skipped": false
          },
          {
            "title": "\"before each\" hook: before test",
            "fullTitle": "VotingToChangeKeysMock \"before each\" hook: before test",
            "timedOut": false,
            "duration": 0,
            "pass": false,
            "fail": false,
            "pending": false,
            "code": "runner.startTest(this, done);",
            "err": {},
            "isRoot": false,
            "uuid": "fdd5d856-0bcd-440b-9895-8be53c04dd5a",
            "isHook": true,
            "skipped": false
          }
        ],
        "afterHooks": [
          {
            "title": "\"after each\" hook: after test",
            "fullTitle": "VotingToChangeKeysMock \"after each\" hook: after test",
            "timedOut": false,
            "duration": 0,
            "pass": false,
            "fail": false,
            "pending": false,
            "code": "runner.endTest(this, done);",
            "err": {},
            "isRoot": false,
            "uuid": "5d76b98d-9bbf-424c-b727-1c43cec79aa3",
            "isHook": true,
            "skipped": false
          }
        ],
        "tests": [],
        "suites": [],
        "passes": [],
        "failures": [],
        "pending": [],
        "skipped": [],
        "duration": 0,
        "root": false,
        "rootEmpty": false,
        "_timeout": 2000
      },
      {
        "uuid": "8d675e01-1021-4305-a237-315530c0ba25",
        "title": "VotingToChangeMinThresholdMock",
        "fullFile": "",
        "file": "",
        "beforeHooks": [
          {
            "title": "\"before all\" hook: prepare suite",
            "fullTitle": "VotingToChangeMinThresholdMock \"before all\" hook: prepare suite",
            "timedOut": false,
            "duration": 0,
            "pass": false,
            "fail": false,
            "pending": false,
            "code": "series([\n  runner.initialize.bind(runner),\n  self.compileNewAbstractInterface.bind(this, runner),\n  self.deployTestDependencies.bind(this, abstraction, dependency_paths, runner)\n], done);",
            "err": {},
            "isRoot": false,
            "uuid": "66a13bac-61a6-4fef-970f-7ec69bf0dfde",
            "isHook": true,
            "skipped": false
          },
          {
            "title": "\"before each\" hook: before test",
            "fullTitle": "VotingToChangeMinThresholdMock \"before each\" hook: before test",
            "timedOut": false,
            "duration": 0,
            "pass": false,
            "fail": false,
            "pending": false,
            "code": "runner.startTest(this, done);",
            "err": {},
            "isRoot": false,
            "uuid": "907f2a3a-f4b6-496f-a06c-ed1ff841351c",
            "isHook": true,
            "skipped": false
          }
        ],
        "afterHooks": [
          {
            "title": "\"after each\" hook: after test",
            "fullTitle": "VotingToChangeMinThresholdMock \"after each\" hook: after test",
            "timedOut": false,
            "duration": 0,
            "pass": false,
            "fail": false,
            "pending": false,
            "code": "runner.endTest(this, done);",
            "err": {},
            "isRoot": false,
            "uuid": "2597d893-afc8-4e53-ae37-91177fca0bd8",
            "isHook": true,
            "skipped": false
          }
        ],
        "tests": [],
        "suites": [],
        "passes": [],
        "failures": [],
        "pending": [],
        "skipped": [],
        "duration": 0,
        "root": false,
        "rootEmpty": false,
        "_timeout": 2000
      },
      {
        "uuid": "2d74c8f6-b3aa-469a-bd63-53dedcb49b9d",
        "title": "VotingToChangeProxyAddressMock",
        "fullFile": "",
        "file": "",
        "beforeHooks": [
          {
            "title": "\"before all\" hook: prepare suite",
            "fullTitle": "VotingToChangeProxyAddressMock \"before all\" hook: prepare suite",
            "timedOut": false,
            "duration": 0,
            "pass": false,
            "fail": false,
            "pending": false,
            "code": "series([\n  runner.initialize.bind(runner),\n  self.compileNewAbstractInterface.bind(this, runner),\n  self.deployTestDependencies.bind(this, abstraction, dependency_paths, runner)\n], done);",
            "err": {},
            "isRoot": false,
            "uuid": "cd1f19ea-4484-4029-9f2d-79d0f9cf3d67",
            "isHook": true,
            "skipped": false
          },
          {
            "title": "\"before each\" hook: before test",
            "fullTitle": "VotingToChangeProxyAddressMock \"before each\" hook: before test",
            "timedOut": false,
            "duration": 0,
            "pass": false,
            "fail": false,
            "pending": false,
            "code": "runner.startTest(this, done);",
            "err": {},
            "isRoot": false,
            "uuid": "4fa16fff-3097-4247-9a2b-531bbfe3fcd8",
            "isHook": true,
            "skipped": false
          }
        ],
        "afterHooks": [
          {
            "title": "\"after each\" hook: after test",
            "fullTitle": "VotingToChangeProxyAddressMock \"after each\" hook: after test",
            "timedOut": false,
            "duration": 0,
            "pass": false,
            "fail": false,
            "pending": false,
            "code": "runner.endTest(this, done);",
            "err": {},
            "isRoot": false,
            "uuid": "a56fd791-3921-4084-b0d3-7a98d254b5a0",
            "isHook": true,
            "skipped": false
          }
        ],
        "tests": [],
        "suites": [],
        "passes": [],
        "failures": [],
        "pending": [],
        "skipped": [],
        "duration": 0,
        "root": false,
        "rootEmpty": false,
        "_timeout": 2000
      },
      {
        "uuid": "8848be08-2a9c-45ae-bc68-5926d0138dd1",
        "title": "Contract: BallotsStorage [all features]",
        "fullFile": "/home/travis/build/oraclesorg/poa-network-consensus-contracts/test/ballots_storage_test.js",
        "file": "/test/ballots_storage_test.js",
        "beforeHooks": [
          {
            "title": "\"before all\" hook: prepare suite",
            "fullTitle": "Contract: BallotsStorage [all features] \"before all\" hook: prepare suite",
            "timedOut": false,
            "duration": 97,
            "pass": false,
            "fail": false,
            "pending": false,
            "code": "this.timeout(runner.BEFORE_TIMEOUT);\nrunner.initialize(done);",
            "err": {},
            "isRoot": false,
            "uuid": "3accd054-41fe-4e2b-968a-a4264a7935cd",
            "isHook": true,
            "skipped": false
          },
          {
            "title": "\"before each\" hook: before test",
            "fullTitle": "Contract: BallotsStorage [all features] \"before each\" hook: before test",
            "timedOut": false,
            "duration": 2,
            "pass": false,
            "fail": false,
            "pending": false,
            "code": "runner.startTest(this, done);",
            "err": {},
            "isRoot": false,
            "uuid": "fc3b53e0-5734-49de-9ddd-869dda7cf9ca",
            "isHook": true,
            "skipped": false
          },
          {
            "title": "\"before each\" hook",
            "fullTitle": "Contract: BallotsStorage [all features] \"before each\" hook",
            "timedOut": false,
            "duration": 297,
            "pass": false,
            "fail": false,
            "pending": false,
            "code": "poaNetworkConsensus = await PoaNetworkConsensus.new(masterOfCeremony);\nproxyStorage = await ProxyStorageMock.new(poaNetworkConsensus.address, masterOfCeremony);\nballotsStorageMock = await BallotsStorageMock.new(proxyStorage.address);\nawait poaNetworkConsensus.setProxyStorage(proxyStorage.address);\nawait proxyStorage.initializeAddresses(keysManager, votingToChangeKeys, votingToChangeMinThreshold, votingToChangeProxy, ballotsStorage);",
            "err": {},
            "isRoot": false,
            "uuid": "2a038f68-768a-48d1-9eaa-0476452ccced",
            "isHook": true,
            "skipped": false
          }
        ],
        "afterHooks": [
          {
            "title": "\"after each\" hook: after test",
            "fullTitle": "Contract: BallotsStorage [all features] \"after each\" hook: after test",
            "timedOut": false,
            "duration": 0,
            "pass": false,
            "fail": false,
            "pending": false,
            "code": "runner.endTest(this, done);",
            "err": {},
            "isRoot": false,
            "uuid": "c52a6384-9176-43ea-8da0-3f8da61ca0ca",
            "isHook": true,
            "skipped": false
          }
        ],
        "tests": [],
        "suites": [
          {
            "uuid": "c7fdc883-80b0-40cd-a28c-aa066b22b47f",
            "title": "#contstuctor",
            "fullFile": "/home/travis/build/oraclesorg/poa-network-consensus-contracts/test/ballots_storage_test.js",
            "file": "/test/ballots_storage_test.js",
            "beforeHooks": [],
            "afterHooks": [],
            "tests": [
              {
                "title": "sets MoC and Poa",
                "fullTitle": "Contract: BallotsStorage [all features] #contstuctor sets MoC and Poa",
                "timedOut": false,
                "duration": 61,
                "state": "passed",
                "speed": "medium",
                "pass": true,
                "fail": false,
                "pending": false,
                "code": "new web3.BigNumber(3).should.be.bignumber.equal(\n  await ballotsStorageMock.getBallotThreshold(1)\n);\nnew web3.BigNumber(2).should.be.bignumber.equal(\n  await ballotsStorageMock.getBallotThreshold(2)\n);",
                "err": {},
                "isRoot": false,
                "uuid": "423bbc07-4170-4a8a-a073-340ffdf041d5",
                "isHook": false,
                "skipped": false
              }
            ],
            "suites": [],
            "passes": [
              "423bbc07-4170-4a8a-a073-340ffdf041d5"
            ],
            "failures": [],
            "pending": [],
            "skipped": [],
            "duration": 61,
            "root": false,
            "rootEmpty": false,
            "_timeout": 300000
          },
          {
            "uuid": "3fb6c790-9a5a-458c-b812-dc1ac8c28564",
            "title": "#setThreshold",
            "fullFile": "/home/travis/build/oraclesorg/poa-network-consensus-contracts/test/ballots_storage_test.js",
            "file": "/test/ballots_storage_test.js",
            "beforeHooks": [],
            "afterHooks": [],
            "tests": [
              {
                "title": "can only be called from votingToChangeThreshold address",
                "fullTitle": "Contract: BallotsStorage [all features] #setThreshold can only be called from votingToChangeThreshold address",
                "timedOut": false,
                "duration": 102,
                "state": "passed",
                "speed": "slow",
                "pass": true,
                "fail": false,
                "pending": false,
                "code": "await ballotsStorageMock.setThreshold(4, 1, {from: accounts[1]}).should.be.rejectedWith(ERROR_MSG);\nawait ballotsStorageMock.setThreshold(4, 1, {from: accounts[3]}).should.be.fulfilled;",
                "err": {},
                "isRoot": false,
                "uuid": "f3a37eaf-584b-4049-bd81-fc2e8027c3c6",
                "isHook": false,
                "skipped": false
              },
              {
                "title": "cannot be set for Invalid threshold",
                "fullTitle": "Contract: BallotsStorage [all features] #setThreshold cannot be set for Invalid threshold",
                "timedOut": false,
                "duration": 145,
                "state": "passed",
                "speed": "slow",
                "pass": true,
                "fail": false,
                "pending": false,
                "code": "await ballotsStorageMock.setThreshold(5, 0, {from: accounts[3]}).should.be.rejectedWith(ERROR_MSG);\nawait ballotsStorageMock.setThreshold(5, -10, {from: accounts[3]}).should.be.rejectedWith(ERROR_MSG);\nawait ballotsStorageMock.setThreshold(5, -1, {from: accounts[3]}).should.be.rejectedWith(ERROR_MSG);\nawait ballotsStorageMock.setThreshold(5, 3, {from: accounts[3]}).should.be.rejectedWith(ERROR_MSG);",
                "err": {},
                "isRoot": false,
                "uuid": "3dd7a3c8-a923-4e12-ada4-83cd60f6210a",
                "isHook": false,
                "skipped": false
              },
              {
                "title": "new value cannot be equal to 0",
                "fullTitle": "Contract: BallotsStorage [all features] #setThreshold new value cannot be equal to 0",
                "timedOut": false,
                "duration": 175,
                "state": "passed",
                "speed": "slow",
                "pass": true,
                "fail": false,
                "pending": false,
                "code": "await ballotsStorageMock.setThreshold(0, 1, {from: accounts[3]}).should.be.rejectedWith(ERROR_MSG);\nawait ballotsStorageMock.setThreshold(0, 2, {from: accounts[3]}).should.be.rejectedWith(ERROR_MSG);\nawait ballotsStorageMock.setThreshold(4, 1, {from: accounts[3]}).should.be.fulfilled;\nawait ballotsStorageMock.setThreshold(4, 2, {from: accounts[3]}).should.be.fulfilled;",
                "err": {},
                "isRoot": false,
                "uuid": "6d7e3164-e716-49be-9344-8588bce8081f",
                "isHook": false,
                "skipped": false
              },
              {
                "title": "sets new value for Keys threshold",
                "fullTitle": "Contract: BallotsStorage [all features] #setThreshold sets new value for Keys threshold",
                "timedOut": false,
                "duration": 56,
                "state": "passed",
                "speed": "medium",
                "pass": true,
                "fail": false,
                "pending": false,
                "code": "await ballotsStorageMock.setThreshold(5, 1, {from: accounts[3]}).should.be.fulfilled; \nnew web3.BigNumber(5).should.be.bignumber.equal(await ballotsStorageMock.getBallotThreshold(1));",
                "err": {},
                "isRoot": false,
                "uuid": "ace183e6-e5e2-4085-a0a7-247a9cddf1d3",
                "isHook": false,
                "skipped": false
              },
              {
                "title": "sets new value for MetadataChange threshold",
                "fullTitle": "Contract: BallotsStorage [all features] #setThreshold sets new value for MetadataChange threshold",
                "timedOut": false,
                "duration": 50,
                "state": "passed",
                "speed": "medium",
                "pass": true,
                "fail": false,
                "pending": false,
                "code": "await ballotsStorageMock.setThreshold(6, 2, {from: accounts[3]}).should.be.fulfilled;\nnew web3.BigNumber(6).should.be.bignumber.equal(await ballotsStorageMock.getBallotThreshold(2));",
                "err": {},
                "isRoot": false,
                "uuid": "5d855a9d-6e25-49ba-b730-26170edc855e",
                "isHook": false,
                "skipped": false
              }
            ],
            "suites": [],
            "passes": [
              "f3a37eaf-584b-4049-bd81-fc2e8027c3c6",
              "3dd7a3c8-a923-4e12-ada4-83cd60f6210a",
              "6d7e3164-e716-49be-9344-8588bce8081f",
              "ace183e6-e5e2-4085-a0a7-247a9cddf1d3",
              "5d855a9d-6e25-49ba-b730-26170edc855e"
            ],
            "failures": [],
            "pending": [],
            "skipped": [],
            "duration": 528,
            "root": false,
            "rootEmpty": false,
            "_timeout": 300000
          },
          {
            "uuid": "d4cf34a4-ec1f-4dd5-9619-2f83feb872ac",
            "title": "#getTotalNumberOfValidators",
            "fullFile": "/home/travis/build/oraclesorg/poa-network-consensus-contracts/test/ballots_storage_test.js",
            "file": "/test/ballots_storage_test.js",
            "beforeHooks": [],
            "afterHooks": [],
            "tests": [
              {
                "title": "returns total number of validators",
                "fullTitle": "Contract: BallotsStorage [all features] #getTotalNumberOfValidators returns total number of validators",
                "timedOut": false,
                "duration": 252,
                "state": "passed",
                "speed": "slow",
                "pass": true,
                "fail": false,
                "pending": false,
                "code": "await proxyStorage.setKeysManagerMock(masterOfCeremony);\nawait poaNetworkConsensus.addValidator(accounts[1]);\nawait poaNetworkConsensus.setSystemAddress(masterOfCeremony);\nawait poaNetworkConsensus.finalizeChange().should.be.fulfilled;\nconst getValidators = await poaNetworkConsensus.getValidators();\nnew web3.BigNumber(2).should.be.bignumber.equal(getValidators.length);\nnew web3.BigNumber(2).should.be.bignumber.equal(await ballotsStorageMock.getTotalNumberOfValidators())",
                "err": {},
                "isRoot": false,
                "uuid": "b5816206-aab0-4a73-88ff-157d02b7e6db",
                "isHook": false,
                "skipped": false
              }
            ],
            "suites": [],
            "passes": [
              "b5816206-aab0-4a73-88ff-157d02b7e6db"
            ],
            "failures": [],
            "pending": [],
            "skipped": [],
            "duration": 252,
            "root": false,
            "rootEmpty": false,
            "_timeout": 300000
          },
          {
            "uuid": "14b0c731-6599-4626-8658-bb4256515567",
            "title": "#getProxyThreshold",
            "fullFile": "/home/travis/build/oraclesorg/poa-network-consensus-contracts/test/ballots_storage_test.js",
            "file": "/test/ballots_storage_test.js",
            "beforeHooks": [],
            "afterHooks": [],
            "tests": [
              {
                "title": "returns total number of validators",
                "fullTitle": "Contract: BallotsStorage [all features] #getProxyThreshold returns total number of validators",
                "timedOut": false,
                "duration": 540,
                "state": "passed",
                "speed": "slow",
                "pass": true,
                "fail": false,
                "pending": false,
                "code": "new web3.BigNumber(1).should.be.bignumber.equal(await ballotsStorageMock.getProxyThreshold())\nawait proxyStorage.setKeysManagerMock(masterOfCeremony);\nawait poaNetworkConsensus.addValidator(accounts[1]);\nawait poaNetworkConsensus.addValidator(accounts[2]);\nawait poaNetworkConsensus.addValidator(accounts[3]);\nawait poaNetworkConsensus.addValidator(accounts[4]);\nawait poaNetworkConsensus.addValidator(accounts[5]);\nawait poaNetworkConsensus.setSystemAddress(accounts[0]);\nawait poaNetworkConsensus.finalizeChange().should.be.fulfilled;\nconst getValidators = await poaNetworkConsensus.getValidators();\nnew web3.BigNumber(6).should.be.bignumber.equal(getValidators.length);\nnew web3.BigNumber(4).should.be.bignumber.equal(await ballotsStorageMock.getProxyThreshold())",
                "err": {},
                "isRoot": false,
                "uuid": "0393c47e-0e72-45b7-9203-fe01f73a55aa",
                "isHook": false,
                "skipped": false
              }
            ],
            "suites": [],
            "passes": [
              "0393c47e-0e72-45b7-9203-fe01f73a55aa"
            ],
            "failures": [],
            "pending": [],
            "skipped": [],
            "duration": 540,
            "root": false,
            "rootEmpty": false,
            "_timeout": 300000
          },
          {
            "uuid": "d2fa6bb6-14a3-4eee-a470-9405b126776b",
            "title": "#getVotingToChangeThreshold",
            "fullFile": "/home/travis/build/oraclesorg/poa-network-consensus-contracts/test/ballots_storage_test.js",
            "file": "/test/ballots_storage_test.js",
            "beforeHooks": [],
            "afterHooks": [],
            "tests": [
              {
                "title": "returns voting to change min threshold address",
                "fullTitle": "Contract: BallotsStorage [all features] #getVotingToChangeThreshold returns voting to change min threshold address",
                "timedOut": false,
                "duration": 70,
                "state": "passed",
                "speed": "medium",
                "pass": true,
                "fail": false,
                "pending": false,
                "code": "votingToChangeMinThreshold.should.be.equal(await ballotsStorageMock.getVotingToChangeThreshold())\nawait proxyStorage.setVotingToChangeMinThresholdMock(accounts[4]);\naccounts[4].should.be.equal(await ballotsStorageMock.getVotingToChangeThreshold())",
                "err": {},
                "isRoot": false,
                "uuid": "5adb148b-f22b-47fc-ad29-c62364294942",
                "isHook": false,
                "skipped": false
              }
            ],
            "suites": [],
            "passes": [
              "5adb148b-f22b-47fc-ad29-c62364294942"
            ],
            "failures": [],
            "pending": [],
            "skipped": [],
            "duration": 70,
            "root": false,
            "rootEmpty": false,
            "_timeout": 300000
          }
        ],
        "passes": [],
        "failures": [],
        "pending": [],
        "skipped": [],
        "duration": 0,
        "root": false,
        "rootEmpty": false,
        "_timeout": 300000
      },
      {
        "uuid": "a40c3b8c-f929-4843-9506-f9db7a31fc45",
        "title": "Contract: KeysManager [all features]",
        "fullFile": "/home/travis/build/oraclesorg/poa-network-consensus-contracts/test/keys_manager_test.js",
        "file": "/test/keys_manager_test.js",
        "beforeHooks": [
          {
            "title": "\"before all\" hook: prepare suite",
            "fullTitle": "Contract: KeysManager [all features] \"before all\" hook: prepare suite",
            "timedOut": false,
            "duration": 279,
            "pass": false,
            "fail": false,
            "pending": false,
            "code": "this.timeout(runner.BEFORE_TIMEOUT);\nrunner.initialize(done);",
            "err": {},
            "isRoot": false,
            "uuid": "efafd30b-6930-4a65-bdea-1c5ecb2f8188",
            "isHook": true,
            "skipped": false
          },
          {
            "title": "\"before each\" hook: before test",
            "fullTitle": "Contract: KeysManager [all features] \"before each\" hook: before test",
            "timedOut": false,
            "duration": 5,
            "pass": false,
            "fail": false,
            "pending": false,
            "code": "runner.startTest(this, done);",
            "err": {},
            "isRoot": false,
            "uuid": "738f8aaa-ba5d-4577-becd-7c4eb2fad3ec",
            "isHook": true,
            "skipped": false
          },
          {
            "title": "\"before each\" hook",
            "fullTitle": "Contract: KeysManager [all features] \"before each\" hook",
            "timedOut": false,
            "duration": 278,
            "pass": false,
            "fail": false,
            "pending": false,
            "code": "poaNetworkConsensusMock = await PoaNetworkConsensusMock.new(masterOfCeremony);\nproxyStorageMock = await ProxyStorageMock.new(poaNetworkConsensusMock.address, masterOfCeremony);\nkeysManager = await KeysManagerMock.new(proxyStorageMock.address, poaNetworkConsensusMock.address, masterOfCeremony);\nawait poaNetworkConsensusMock.setProxyStorage(proxyStorageMock.address);\nawait proxyStorageMock.initializeAddresses(keysManager.address, masterOfCeremony, masterOfCeremony, masterOfCeremony, masterOfCeremony);",
            "err": {},
            "isRoot": false,
            "uuid": "20e3a304-73a4-4f6c-b20e-550cfef993c2",
            "isHook": true,
            "skipped": false
          }
        ],
        "afterHooks": [
          {
            "title": "\"after each\" hook: after test",
            "fullTitle": "Contract: KeysManager [all features] \"after each\" hook: after test",
            "timedOut": false,
            "duration": 1,
            "pass": false,
            "fail": false,
            "pending": false,
            "code": "runner.endTest(this, done);",
            "err": {},
            "isRoot": false,
            "uuid": "71c5fb47-e758-4f4c-8647-39f4ed46a8bc",
            "isHook": true,
            "skipped": false
          }
        ],
        "tests": [],
        "suites": [
          {
            "uuid": "e1227dcf-fb9f-44c8-8034-3b6e54ec792b",
            "title": "#constructor",
            "fullFile": "/home/travis/build/oraclesorg/poa-network-consensus-contracts/test/keys_manager_test.js",
            "file": "/test/keys_manager_test.js",
            "beforeHooks": [],
            "afterHooks": [],
            "tests": [
              {
                "title": "sets masterOfCeremony, proxyStorage, poaConsensus",
                "fullTitle": "Contract: KeysManager [all features] #constructor sets masterOfCeremony, proxyStorage, poaConsensus",
                "timedOut": false,
                "duration": 92,
                "state": "passed",
                "speed": "slow",
                "pass": true,
                "fail": false,
                "pending": false,
                "code": "masterOfCeremony.should.be.equal(await keysManager.masterOfCeremony());\nproxyStorageMock.address.should.be.equal(await keysManager.proxyStorage());\npoaNetworkConsensusMock.address.should.be.equal(await keysManager.poaNetworkConsensus());",
                "err": {},
                "isRoot": false,
                "uuid": "ab9cd53b-77ec-454c-98ce-7c842eb9baa4",
                "isHook": false,
                "skipped": false
              },
              {
                "title": "adds masterOfCeremony to validators hash",
                "fullTitle": "Contract: KeysManager [all features] #constructor adds masterOfCeremony to validators hash",
                "timedOut": false,
                "duration": 35,
                "state": "passed",
                "speed": "fast",
                "pass": true,
                "fail": false,
                "pending": false,
                "code": "const validator = await keysManager.validatorKeys(masterOfCeremony);\nvalidator.should.be.deep.equal(\n  [ '0x0000000000000000000000000000000000000000',\n  '0x0000000000000000000000000000000000000000',\n  true,\n  false,\n  false]\n)",
                "err": {},
                "isRoot": false,
                "uuid": "b0ff5d80-4c54-40be-8413-83746a73399a",
                "isHook": false,
                "skipped": false
              }
            ],
            "suites": [],
            "passes": [
              "ab9cd53b-77ec-454c-98ce-7c842eb9baa4",
              "b0ff5d80-4c54-40be-8413-83746a73399a"
            ],
            "failures": [],
            "pending": [],
            "skipped": [],
            "duration": 127,
            "root": false,
            "rootEmpty": false,
            "_timeout": 300000
          },
          {
            "uuid": "de266854-a319-43bd-8712-93940b54aebc",
            "title": "#initiateKeys",
            "fullFile": "/home/travis/build/oraclesorg/poa-network-consensus-contracts/test/keys_manager_test.js",
            "file": "/test/keys_manager_test.js",
            "beforeHooks": [],
            "afterHooks": [],
            "tests": [
              {
                "title": "can only be called by master of ceremony",
                "fullTitle": "Contract: KeysManager [all features] #initiateKeys can only be called by master of ceremony",
                "timedOut": false,
                "duration": 67,
                "state": "passed",
                "speed": "medium",
                "pass": true,
                "fail": false,
                "pending": false,
                "code": "await keysManager.initiateKeys(accounts[2], {from: accounts[1]}).should.be.rejectedWith(ERROR_MSG);\nawait keysManager.initiateKeys(accounts[2], {from: masterOfCeremony}).should.be.fulfilled;",
                "err": {},
                "isRoot": false,
                "uuid": "79e18887-5f9e-4f2c-a1f5-3492efa2fac6",
                "isHook": false,
                "skipped": false
              },
              {
                "title": "cannot allow 0x0 addresses",
                "fullTitle": "Contract: KeysManager [all features] #initiateKeys cannot allow 0x0 addresses",
                "timedOut": false,
                "duration": 43,
                "state": "passed",
                "speed": "medium",
                "pass": true,
                "fail": false,
                "pending": false,
                "code": "await keysManager.initiateKeys('0x0000000000000000000000000000000000000000').should.be.rejectedWith(ERROR_MSG);\nawait keysManager.initiateKeys('0x0').should.be.rejectedWith(ERROR_MSG);",
                "err": {},
                "isRoot": false,
                "uuid": "21e11212-6822-4f19-a900-c7e95da3f7a3",
                "isHook": false,
                "skipped": false
              },
              {
                "title": "should not allow to initialize already initialized key",
                "fullTitle": "Contract: KeysManager [all features] #initiateKeys should not allow to initialize already initialized key",
                "timedOut": false,
                "duration": 71,
                "state": "passed",
                "speed": "medium",
                "pass": true,
                "fail": false,
                "pending": false,
                "code": "await keysManager.initiateKeys(accounts[2], {from: masterOfCeremony}).should.be.fulfilled;   \nawait keysManager.initiateKeys(accounts[2], {from: masterOfCeremony}).should.be.rejectedWith(ERROR_MSG);",
                "err": {},
                "isRoot": false,
                "uuid": "c8b84985-9a62-40bc-9d7b-da7720c6e7af",
                "isHook": false,
                "skipped": false
              },
              {
                "title": "should not allow to initialize already initialized key after validator created mining key",
                "fullTitle": "Contract: KeysManager [all features] #initiateKeys should not allow to initialize already initialized key after validator created mining key",
                "timedOut": false,
                "duration": 172,
                "state": "passed",
                "speed": "slow",
                "pass": true,
                "fail": false,
                "pending": false,
                "code": "await keysManager.initiateKeys(accounts[2], {from: masterOfCeremony}).should.be.fulfilled;   \nawait keysManager.createKeys(accounts[3],accounts[4],accounts[5], {from: accounts[2]}).should.be.fulfilled;\nawait keysManager.initiateKeys(accounts[2], {from: masterOfCeremony}).should.be.rejectedWith(ERROR_MSG);",
                "err": {},
                "isRoot": false,
                "uuid": "d3f46813-5995-45dd-9358-158a2f693a7d",
                "isHook": false,
                "skipped": false
              },
              {
                "title": "should not equal to master of ceremony",
                "fullTitle": "Contract: KeysManager [all features] #initiateKeys should not equal to master of ceremony",
                "timedOut": false,
                "duration": 28,
                "state": "passed",
                "speed": "fast",
                "pass": true,
                "fail": false,
                "pending": false,
                "code": "await keysManager.initiateKeys(masterOfCeremony, {from: masterOfCeremony}).should.be.rejectedWith(ERROR_MSG);",
                "err": {},
                "isRoot": false,
                "uuid": "36527170-1f49-451a-ab68-13d129a4ff05",
                "isHook": false,
                "skipped": false
              },
              {
                "title": "should not allow to initialize more than maxNumberOfInitialKeys",
                "fullTitle": "Contract: KeysManager [all features] #initiateKeys should not allow to initialize more than maxNumberOfInitialKeys",
                "timedOut": false,
                "duration": 171,
                "state": "passed",
                "speed": "slow",
                "pass": true,
                "fail": false,
                "pending": false,
                "code": "await keysManager.setMaxNumberOfInitialKeys(2);\nlet maxNumberOfInitialKeys = await keysManager.maxNumberOfInitialKeys();\nmaxNumberOfInitialKeys.should.be.bignumber.equal(2);\nawait keysManager.initiateKeys(accounts[1], {from: masterOfCeremony}).should.be.fulfilled;\nawait keysManager.initiateKeys(accounts[2], {from: masterOfCeremony}).should.be.fulfilled;\nawait keysManager.initiateKeys(accounts[3], {from: masterOfCeremony}).should.be.rejectedWith(ERROR_MSG);",
                "err": {},
                "isRoot": false,
                "uuid": "ffa2f31c-532f-49d7-83fa-58c635c5f75a",
                "isHook": false,
                "skipped": false
              },
              {
                "title": "should not allow to initialize more than maxNumberOfInitialKeys",
                "fullTitle": "Contract: KeysManager [all features] #initiateKeys should not allow to initialize more than maxNumberOfInitialKeys",
                "timedOut": false,
                "duration": 591,
                "state": "passed",
                "speed": "slow",
                "pass": true,
                "fail": false,
                "pending": false,
                "code": "let maxNumberOfInitialKeys = await keysManager.maxNumberOfInitialKeys();\nmaxNumberOfInitialKeys.should.be.bignumber.equal(12);\nawait keysManager.initiateKeys('0x0000000000000000000000000000000000000001', {from: masterOfCeremony}).should.be.fulfilled;\nawait keysManager.initiateKeys('0x0000000000000000000000000000000000000002', {from: masterOfCeremony}).should.be.fulfilled;\nawait keysManager.initiateKeys('0x0000000000000000000000000000000000000003', {from: masterOfCeremony}).should.be.fulfilled;\nawait keysManager.initiateKeys('0x0000000000000000000000000000000000000004', {from: masterOfCeremony}).should.be.fulfilled;\nawait keysManager.initiateKeys('0x0000000000000000000000000000000000000005', {from: masterOfCeremony}).should.be.fulfilled;\nawait keysManager.initiateKeys('0x0000000000000000000000000000000000000006', {from: masterOfCeremony}).should.be.fulfilled;\nawait keysManager.initiateKeys('0x0000000000000000000000000000000000000007', {from: masterOfCeremony}).should.be.fulfilled;\nawait keysManager.initiateKeys('0x0000000000000000000000000000000000000008', {from: masterOfCeremony}).should.be.fulfilled;\nawait keysManager.initiateKeys('0x0000000000000000000000000000000000000009', {from: masterOfCeremony}).should.be.fulfilled;\nawait keysManager.initiateKeys('0x0000000000000000000000000000000000000010', {from: masterOfCeremony}).should.be.fulfilled;\nawait keysManager.initiateKeys('0x0000000000000000000000000000000000000011', {from: masterOfCeremony}).should.be.fulfilled;\nawait keysManager.initiateKeys('0x0000000000000000000000000000000000000012', {from: masterOfCeremony}).should.be.fulfilled;\nawait keysManager.initiateKeys('0x0000000000000000000000000000000000000013', {from: masterOfCeremony}).should.be.rejectedWith(ERROR_MSG);",
                "err": {},
                "isRoot": false,
                "uuid": "530ba1b6-a3d0-4dc8-a0d5-16ba82b6c559",
                "isHook": false,
                "skipped": false
              },
              {
                "title": "should increment initialKeyCount by 1",
                "fullTitle": "Contract: KeysManager [all features] #initiateKeys should increment initialKeyCount by 1",
                "timedOut": false,
                "duration": 77,
                "state": "passed",
                "speed": "slow",
                "pass": true,
                "fail": false,
                "pending": false,
                "code": "let initialKeysCount = await keysManager.initialKeysCount();\ninitialKeysCount.should.be.bignumber.equal(0);\nawait keysManager.initiateKeys(accounts[1], {from: masterOfCeremony}).should.be.fulfilled;\ninitialKeysCount = await keysManager.initialKeysCount();\ninitialKeysCount.should.be.bignumber.equal(1);",
                "err": {},
                "isRoot": false,
                "uuid": "cd4338c6-eb4a-4709-a78d-0b7c43d7bb92",
                "isHook": false,
                "skipped": false
              },
              {
                "title": "should set initialKeys hash to activated status",
                "fullTitle": "Contract: KeysManager [all features] #initiateKeys should set initialKeys hash to activated status",
                "timedOut": false,
                "duration": 107,
                "state": "passed",
                "speed": "slow",
                "pass": true,
                "fail": false,
                "pending": false,
                "code": "new web3.BigNumber(0).should.be.bignumber.equal(await keysManager.initialKeys(accounts[1]));\nconst {logs} = await keysManager.initiateKeys(accounts[1], {from: masterOfCeremony}).should.be.fulfilled;\nnew web3.BigNumber(1).should.be.bignumber.equal(await keysManager.initialKeys(accounts[1]));\nlet initialKeysCount = await keysManager.initialKeysCount();\n// event InitialKeyCreated(address indexed initialKey, uint256 time, uint256 initialKeysCount);\nlogs[0].event.should.equal(\"InitialKeyCreated\");\nlogs[0].args.initialKey.should.be.equal(accounts[1]);\ninitialKeysCount.should.be.bignumber.equal(logs[0].args.initialKeysCount);",
                "err": {},
                "isRoot": false,
                "uuid": "9a66a95f-dbe3-4cec-af81-626ad589ea54",
                "isHook": false,
                "skipped": false
              }
            ],
            "suites": [],
            "passes": [
              "79e18887-5f9e-4f2c-a1f5-3492efa2fac6",
              "21e11212-6822-4f19-a900-c7e95da3f7a3",
              "c8b84985-9a62-40bc-9d7b-da7720c6e7af",
              "d3f46813-5995-45dd-9358-158a2f693a7d",
              "36527170-1f49-451a-ab68-13d129a4ff05",
              "ffa2f31c-532f-49d7-83fa-58c635c5f75a",
              "530ba1b6-a3d0-4dc8-a0d5-16ba82b6c559",
              "cd4338c6-eb4a-4709-a78d-0b7c43d7bb92",
              "9a66a95f-dbe3-4cec-af81-626ad589ea54"
            ],
            "failures": [],
            "pending": [],
            "skipped": [],
            "duration": 1327,
            "root": false,
            "rootEmpty": false,
            "_timeout": 300000
          },
          {
            "uuid": "82d6a402-a6fe-4dac-b267-d1202954e11d",
            "title": "#createKeys",
            "fullFile": "/home/travis/build/oraclesorg/poa-network-consensus-contracts/test/keys_manager_test.js",
            "file": "/test/keys_manager_test.js",
            "beforeHooks": [],
            "afterHooks": [],
            "tests": [
              {
                "title": "should only be called from initialized key",
                "fullTitle": "Contract: KeysManager [all features] #createKeys should only be called from initialized key",
                "timedOut": false,
                "duration": 163,
                "state": "passed",
                "speed": "slow",
                "pass": true,
                "fail": false,
                "pending": false,
                "code": "await keysManager.createKeys(accounts[2], accounts[3], accounts[4], {from: accounts[1]}).should.be.rejectedWith(ERROR_MSG);\nawait keysManager.initiateKeys(accounts[1], {from: masterOfCeremony}).should.be.fulfilled;\nawait keysManager.createKeys(accounts[2], accounts[3], accounts[4], {from: accounts[1]}).should.be.fulfilled;",
                "err": {},
                "isRoot": false,
                "uuid": "43d67207-a7b2-42ba-813c-3fcbea70351d",
                "isHook": false,
                "skipped": false
              },
              {
                "title": "params should not be equal to each other",
                "fullTitle": "Contract: KeysManager [all features] #createKeys params should not be equal to each other",
                "timedOut": false,
                "duration": 125,
                "state": "passed",
                "speed": "slow",
                "pass": true,
                "fail": false,
                "pending": false,
                "code": "await keysManager.initiateKeys(accounts[1], {from: masterOfCeremony}).should.be.fulfilled;\nawait keysManager.createKeys(masterOfCeremony, masterOfCeremony, accounts[2], {from: accounts[1]}).should.be.rejectedWith(ERROR_MSG);\nawait keysManager.createKeys(masterOfCeremony, accounts[2], accounts[2], {from: accounts[1]}).should.be.rejectedWith(ERROR_MSG);\nawait keysManager.createKeys(masterOfCeremony, accounts[2], masterOfCeremony, {from: accounts[1]}).should.be.rejectedWith(ERROR_MSG);",
                "err": {},
                "isRoot": false,
                "uuid": "0b39a59c-a5d3-4fcb-8465-5ef6a71b14e6",
                "isHook": false,
                "skipped": false
              },
              {
                "title": "any of params should not be equal to initialKey",
                "fullTitle": "Contract: KeysManager [all features] #createKeys any of params should not be equal to initialKey",
                "timedOut": false,
                "duration": 132,
                "state": "passed",
                "speed": "slow",
                "pass": true,
                "fail": false,
                "pending": false,
                "code": "await keysManager.initiateKeys(accounts[1], {from: masterOfCeremony}).should.be.fulfilled;\nawait keysManager.createKeys(accounts[1], masterOfCeremony, accounts[2], {from: accounts[1]}).should.be.rejectedWith(ERROR_MSG);\nawait keysManager.createKeys(masterOfCeremony, accounts[1], accounts[2], {from: accounts[1]}).should.be.rejectedWith(ERROR_MSG);\nawait keysManager.createKeys(masterOfCeremony, accounts[2], accounts[1], {from: accounts[1]}).should.be.rejectedWith(ERROR_MSG);",
                "err": {},
                "isRoot": false,
                "uuid": "fcb50a1e-1062-4f96-ad1e-c06aaa620c89",
                "isHook": false,
                "skipped": false
              },
              {
                "title": "should assign mining, voting, payout keys to relative mappings",
                "fullTitle": "Contract: KeysManager [all features] #createKeys should assign mining, voting, payout keys to relative mappings",
                "timedOut": false,
                "duration": 191,
                "state": "passed",
                "speed": "slow",
                "pass": true,
                "fail": false,
                "pending": false,
                "code": "await keysManager.initiateKeys(accounts[1], {from: masterOfCeremony}).should.be.fulfilled;\nconst {logs} = await keysManager.createKeys(accounts[4], accounts[3], accounts[2], {from: accounts[1]}).should.be.fulfilled;\ntrue.should.be.equal(\n  await keysManager.isMiningActive(accounts[4])\n)\ntrue.should.be.equal(\n  await keysManager.isVotingActive(accounts[3])\n)\ntrue.should.be.equal(\n  await keysManager.isPayoutActive(accounts[4])\n)\n// event ValidatorInitialized(address indexed miningKey, address indexed votingKey, address indexed payoutKey);\nlogs[0].event.should.be.equal('ValidatorInitialized');\nlogs[0].args.miningKey.should.be.equal(accounts[4]);\nlogs[0].args.votingKey.should.be.equal(accounts[3]);\nlogs[0].args.payoutKey.should.be.equal(accounts[2]);",
                "err": {},
                "isRoot": false,
                "uuid": "dbdba400-4a41-4fcb-a7e6-c29928d6ffe8",
                "isHook": false,
                "skipped": false
              },
              {
                "title": "should assigns voting <-> mining key relationship",
                "fullTitle": "Contract: KeysManager [all features] #createKeys should assigns voting <-> mining key relationship",
                "timedOut": false,
                "duration": 151,
                "state": "passed",
                "speed": "slow",
                "pass": true,
                "fail": false,
                "pending": false,
                "code": "await keysManager.initiateKeys(accounts[1], {from: masterOfCeremony}).should.be.fulfilled;\nawait keysManager.createKeys(accounts[4], accounts[3], accounts[2], {from: accounts[1]});\nconst miningKey = await keysManager.getMiningKeyByVoting(accounts[3]);\nminingKey.should.be.equal(accounts[4]);",
                "err": {},
                "isRoot": false,
                "uuid": "e0099c95-2816-4a57-be7a-0c0606551fea",
                "isHook": false,
                "skipped": false
              },
              {
                "title": "adds validator to poaConsensus contract",
                "fullTitle": "Contract: KeysManager [all features] #createKeys adds validator to poaConsensus contract",
                "timedOut": false,
                "duration": 195,
                "state": "passed",
                "speed": "slow",
                "pass": true,
                "fail": false,
                "pending": false,
                "code": "let miningKey = accounts[4];\nawait keysManager.initiateKeys(accounts[1], {from: masterOfCeremony}).should.be.fulfilled;\nawait keysManager.createKeys(miningKey, accounts[3], accounts[2], {from: accounts[1]});\nconst index = await poaNetworkConsensusMock.currentValidatorsLength();\n(await poaNetworkConsensusMock.pendingList(index)).should.be.equal(miningKey);",
                "err": {},
                "isRoot": false,
                "uuid": "c3ec6b00-ba4b-4e42-bdd8-ff4fce559bd8",
                "isHook": false,
                "skipped": false
              },
              {
                "title": "should set validatorKeys hash",
                "fullTitle": "Contract: KeysManager [all features] #createKeys should set validatorKeys hash",
                "timedOut": false,
                "duration": 158,
                "state": "passed",
                "speed": "slow",
                "pass": true,
                "fail": false,
                "pending": false,
                "code": "let miningKey = accounts[4];\nawait keysManager.initiateKeys(accounts[1], {from: masterOfCeremony}).should.be.fulfilled;\nawait keysManager.createKeys(miningKey, accounts[3], accounts[2], {from: accounts[1]});\nconst validatorKey = await keysManager.validatorKeys(miningKey);\nvalidatorKey.should.be.deep.equal([\n  accounts[3],\n  accounts[2],\n  true,\n  true,\n  true\n])",
                "err": {},
                "isRoot": false,
                "uuid": "c6095280-1388-4435-8b30-7a6d589ccac9",
                "isHook": false,
                "skipped": false
              },
              {
                "title": "should set validatorKeys hash",
                "fullTitle": "Contract: KeysManager [all features] #createKeys should set validatorKeys hash",
                "timedOut": false,
                "duration": 164,
                "state": "passed",
                "speed": "slow",
                "pass": true,
                "fail": false,
                "pending": false,
                "code": "let miningKey = accounts[4];\nawait keysManager.initiateKeys(accounts[1], {from: masterOfCeremony}).should.be.fulfilled;\nawait keysManager.createKeys(miningKey, accounts[3], accounts[2], {from: accounts[1]});\nnew web3.BigNumber(2).should.be.bignumber.equal(await keysManager.initialKeys(accounts[1]));",
                "err": {},
                "isRoot": false,
                "uuid": "78fbc867-4760-4c0a-90c6-1ad1c0285b52",
                "isHook": false,
                "skipped": false
              }
            ],
            "suites": [],
            "passes": [
              "43d67207-a7b2-42ba-813c-3fcbea70351d",
              "0b39a59c-a5d3-4fcb-8465-5ef6a71b14e6",
              "fcb50a1e-1062-4f96-ad1e-c06aaa620c89",
              "dbdba400-4a41-4fcb-a7e6-c29928d6ffe8",
              "e0099c95-2816-4a57-be7a-0c0606551fea",
              "c3ec6b00-ba4b-4e42-bdd8-ff4fce559bd8",
              "c6095280-1388-4435-8b30-7a6d589ccac9",
              "78fbc867-4760-4c0a-90c6-1ad1c0285b52"
            ],
            "failures": [],
            "pending": [],
            "skipped": [],
            "duration": 1279,
            "root": false,
            "rootEmpty": false,
            "_timeout": 300000
          },
          {
            "uuid": "73ea8d22-672b-4694-a9ec-231cb7d030c2",
            "title": "#addMiningKey",
            "fullFile": "/home/travis/build/oraclesorg/poa-network-consensus-contracts/test/keys_manager_test.js",
            "file": "/test/keys_manager_test.js",
            "beforeHooks": [],
            "afterHooks": [],
            "tests": [
              {
                "title": "should only be called from votingToChangeKeys",
                "fullTitle": "Contract: KeysManager [all features] #addMiningKey should only be called from votingToChangeKeys",
                "timedOut": false,
                "duration": 142,
                "state": "passed",
                "speed": "slow",
                "pass": true,
                "fail": false,
                "pending": false,
                "code": "await keysManager.addMiningKey(accounts[1],{from: accounts[5]}).should.be.rejectedWith(ERROR_MSG);\nawait proxyStorageMock.setVotingContractMock(accounts[2]);\nawait keysManager.addMiningKey(accounts[1], {from: accounts[2]}).should.be.fulfilled;",
                "err": {},
                "isRoot": false,
                "uuid": "2816f1bf-6fc7-45f4-9468-a8d55a9f1c45",
                "isHook": false,
                "skipped": false
              },
              {
                "title": "should not let add more than maxLimit",
                "fullTitle": "Contract: KeysManager [all features] #addMiningKey should not let add more than maxLimit",
                "timedOut": false,
                "duration": 57,
                "state": "passed",
                "speed": "medium",
                "pass": true,
                "fail": false,
                "pending": false,
                "code": "await poaNetworkConsensusMock.setCurrentValidatorsLength(2001);\nawait keysManager.addMiningKey(accounts[2]).should.be.rejectedWith(ERROR_MSG);",
                "err": {},
                "isRoot": false,
                "uuid": "4b09e49c-4535-4c4c-89fa-6d986e115e18",
                "isHook": false,
                "skipped": false
              },
              {
                "title": "should set validatorKeys hash",
                "fullTitle": "Contract: KeysManager [all features] #addMiningKey should set validatorKeys hash",
                "timedOut": false,
                "duration": 98,
                "state": "passed",
                "speed": "slow",
                "pass": true,
                "fail": false,
                "pending": false,
                "code": "const {logs} = await keysManager.addMiningKey(accounts[2]).should.be.fulfilled;\nconst validator = await keysManager.validatorKeys(accounts[2]);\nvalidator.should.be.deep.equal(\n  [ '0x0000000000000000000000000000000000000000',\n  '0x0000000000000000000000000000000000000000',\n  true,\n  false,\n  false]\n)\nlogs[0].event.should.be.equal('MiningKeyChanged');\nlogs[0].args.key.should.be.equal(accounts[2]);\nlogs[0].args.action.should.be.equal('added');",
                "err": {},
                "isRoot": false,
                "uuid": "3d2be2fb-ea3d-49ee-8da4-417ce3eb3a8a",
                "isHook": false,
                "skipped": false
              }
            ],
            "suites": [],
            "passes": [
              "2816f1bf-6fc7-45f4-9468-a8d55a9f1c45",
              "4b09e49c-4535-4c4c-89fa-6d986e115e18",
              "3d2be2fb-ea3d-49ee-8da4-417ce3eb3a8a"
            ],
            "failures": [],
            "pending": [],
            "skipped": [],
            "duration": 297,
            "root": false,
            "rootEmpty": false,
            "_timeout": 300000
          },
          {
            "uuid": "e7c85d3a-1bfe-41bf-b989-5c1f99f0d7d6",
            "title": "#addVotingKey",
            "fullFile": "/home/travis/build/oraclesorg/poa-network-consensus-contracts/test/keys_manager_test.js",
            "file": "/test/keys_manager_test.js",
            "beforeHooks": [],
            "afterHooks": [],
            "tests": [
              {
                "title": "should add VotingKey",
                "fullTitle": "Contract: KeysManager [all features] #addVotingKey should add VotingKey",
                "timedOut": false,
                "duration": 195,
                "state": "passed",
                "speed": "slow",
                "pass": true,
                "fail": false,
                "pending": false,
                "code": "await keysManager.addVotingKey(accounts[2],accounts[1], {from: accounts[3]}).should.be.rejectedWith(ERROR_MSG);\nawait keysManager.addMiningKey(accounts[1]).should.be.fulfilled;\nconst {logs} = await keysManager.addVotingKey(accounts[2], accounts[1]).should.be.fulfilled;\ntrue.should.be.equal(await keysManager.isVotingActive(accounts[2]));\nlogs[0].event.should.be.equal('VotingKeyChanged');\nlogs[0].args.key.should.be.equal(accounts[2]);\nlogs[0].args.miningKey.should.be.equal(accounts[1]);\nlogs[0].args.action.should.be.equal('added');\nconst miningKey = await keysManager.getMiningKeyByVoting(accounts[2]);\nminingKey.should.be.equal(accounts[1]);",
                "err": {},
                "isRoot": false,
                "uuid": "1bc6afb4-5620-4f36-93dc-91db4da3ae88",
                "isHook": false,
                "skipped": false
              },
              {
                "title": "should only be called if mining is active",
                "fullTitle": "Contract: KeysManager [all features] #addVotingKey should only be called if mining is active",
                "timedOut": false,
                "duration": 225,
                "state": "passed",
                "speed": "slow",
                "pass": true,
                "fail": false,
                "pending": false,
                "code": "await keysManager.addMiningKey(accounts[1]).should.be.fulfilled;\nawait keysManager.removeMiningKey(accounts[1]).should.be.fulfilled;\nawait keysManager.addVotingKey(accounts[2], accounts[1]).should.be.rejectedWith(ERROR_MSG);",
                "err": {},
                "isRoot": false,
                "uuid": "878d9628-b395-4a20-98a6-3eadc0d53d47",
                "isHook": false,
                "skipped": false
              },
              {
                "title": "swaps keys if voting already exists",
                "fullTitle": "Contract: KeysManager [all features] #addVotingKey swaps keys if voting already exists",
                "timedOut": false,
                "duration": 259,
                "state": "passed",
                "speed": "slow",
                "pass": true,
                "fail": false,
                "pending": false,
                "code": "await keysManager.addMiningKey(accounts[1]).should.be.fulfilled;\nawait keysManager.addVotingKey(accounts[2], accounts[1]).should.be.fulfilled;\nawait keysManager.addVotingKey(accounts[3], accounts[1]).should.be.fulfilled;\nfalse.should.be.equal(await keysManager.isVotingActive(accounts[2]));\ntrue.should.be.equal(await keysManager.isVotingActive(accounts[3]));\nconst validator = await keysManager.validatorKeys(accounts[1]);\nvalidator.should.be.deep.equal(\n  [ accounts[3],\n  '0x0000000000000000000000000000000000000000',\n  true,\n  true,\n  false]\n)",
                "err": {},
                "isRoot": false,
                "uuid": "ec31bf06-9628-4bac-9816-828259a9764b",
                "isHook": false,
                "skipped": false
              }
            ],
            "suites": [],
            "passes": [
              "1bc6afb4-5620-4f36-93dc-91db4da3ae88",
              "878d9628-b395-4a20-98a6-3eadc0d53d47",
              "ec31bf06-9628-4bac-9816-828259a9764b"
            ],
            "failures": [],
            "pending": [],
            "skipped": [],
            "duration": 679,
            "root": false,
            "rootEmpty": false,
            "_timeout": 300000
          },
          {
            "uuid": "dec26d1b-7b13-4002-b131-bbd591d538f3",
            "title": "#addPayoutKey",
            "fullFile": "/home/travis/build/oraclesorg/poa-network-consensus-contracts/test/keys_manager_test.js",
            "file": "/test/keys_manager_test.js",
            "beforeHooks": [],
            "afterHooks": [],
            "tests": [
              {
                "title": "should add PayoutKey",
                "fullTitle": "Contract: KeysManager [all features] #addPayoutKey should add PayoutKey",
                "timedOut": false,
                "duration": 168,
                "state": "passed",
                "speed": "slow",
                "pass": true,
                "fail": false,
                "pending": false,
                "code": "await keysManager.addPayoutKey(accounts[2],accounts[1]).should.be.rejectedWith(ERROR_MSG);\nawait keysManager.addMiningKey(accounts[1]).should.be.fulfilled;\nconst {logs} = await keysManager.addPayoutKey(accounts[2], accounts[1]).should.be.fulfilled;\nlogs[0].event.should.be.equal('PayoutKeyChanged');\nlogs[0].args.key.should.be.equal(accounts[2]);\nlogs[0].args.miningKey.should.be.equal(accounts[1]);\nlogs[0].args.action.should.be.equal('added');",
                "err": {},
                "isRoot": false,
                "uuid": "c413fe81-4cf7-402e-b32b-81f213472352",
                "isHook": false,
                "skipped": false
              },
              {
                "title": "should only be called if mining is active",
                "fullTitle": "Contract: KeysManager [all features] #addPayoutKey should only be called if mining is active",
                "timedOut": false,
                "duration": 194,
                "state": "passed",
                "speed": "slow",
                "pass": true,
                "fail": false,
                "pending": false,
                "code": "await keysManager.addMiningKey(accounts[1]).should.be.fulfilled;\nawait keysManager.removeMiningKey(accounts[1]).should.be.fulfilled;\nawait keysManager.addPayoutKey(accounts[2], accounts[1]).should.be.rejectedWith(ERROR_MSG);",
                "err": {},
                "isRoot": false,
                "uuid": "8bc4a282-9a62-4f4d-b5c1-d276af8527c3",
                "isHook": false,
                "skipped": false
              },
              {
                "title": "swaps keys if voting already exists",
                "fullTitle": "Contract: KeysManager [all features] #addPayoutKey swaps keys if voting already exists",
                "timedOut": false,
                "duration": 272,
                "state": "passed",
                "speed": "slow",
                "pass": true,
                "fail": false,
                "pending": false,
                "code": "await keysManager.addMiningKey(accounts[1]).should.be.fulfilled;\nawait keysManager.addPayoutKey(accounts[2], accounts[1]).should.be.fulfilled;\nawait keysManager.addPayoutKey(accounts[3], accounts[1]).should.be.fulfilled;\ntrue.should.be.equal(await keysManager.isPayoutActive(accounts[1]));\nconst validator = await keysManager.validatorKeys(accounts[1]);\nvalidator.should.be.deep.equal(\n  [ '0x0000000000000000000000000000000000000000',\n  accounts[3],\n  true,\n  false,\n  true]\n)",
                "err": {},
                "isRoot": false,
                "uuid": "ce01c4b3-7e7e-4a52-a1b9-51be7acf6155",
                "isHook": false,
                "skipped": false
              }
            ],
            "suites": [],
            "passes": [
              "c413fe81-4cf7-402e-b32b-81f213472352",
              "8bc4a282-9a62-4f4d-b5c1-d276af8527c3",
              "ce01c4b3-7e7e-4a52-a1b9-51be7acf6155"
            ],
            "failures": [],
            "pending": [],
            "skipped": [],
            "duration": 634,
            "root": false,
            "rootEmpty": false,
            "_timeout": 300000
          },
          {
            "uuid": "c6da7423-2aa7-42f4-88d3-a865398595f6",
            "title": "#removeMiningKey",
            "fullFile": "/home/travis/build/oraclesorg/poa-network-consensus-contracts/test/keys_manager_test.js",
            "file": "/test/keys_manager_test.js",
            "beforeHooks": [],
            "afterHooks": [],
            "tests": [
              {
                "title": "should remove miningKey",
                "fullTitle": "Contract: KeysManager [all features] #removeMiningKey should remove miningKey",
                "timedOut": false,
                "duration": 295,
                "state": "passed",
                "speed": "slow",
                "pass": true,
                "fail": false,
                "pending": false,
                "code": "await keysManager.removeMiningKey(accounts[1], {from: accounts[3]}).should.be.rejectedWith(ERROR_MSG);\nawait keysManager.addMiningKey(accounts[1]).should.be.fulfilled;\nawait keysManager.addVotingKey(accounts[3], accounts[1]).should.be.fulfilled;\nconst {logs} = await keysManager.removeMiningKey(accounts[1]).should.be.fulfilled;\nconst validator = await keysManager.validatorKeys(accounts[1]);\nvalidator.should.be.deep.equal(\n  [ '0x0000000000000000000000000000000000000000',\n  '0x0000000000000000000000000000000000000000',\n  false,\n  false,\n  false ]\n)\nlogs[0].event.should.be.equal('MiningKeyChanged');\nlogs[0].args.key.should.be.equal(accounts[1]);\nlogs[0].args.action.should.be.equal('removed');\nconst miningKey = await keysManager.getMiningKeyByVoting(validator[0]);\nminingKey.should.be.equal('0x0000000000000000000000000000000000000000');",
                "err": {},
                "isRoot": false,
                "uuid": "e73aa9d5-2619-4c71-a116-b44d9b84bc6e",
                "isHook": false,
                "skipped": false
              },
              {
                "title": "removes validator from poaConsensus",
                "fullTitle": "Contract: KeysManager [all features] #removeMiningKey removes validator from poaConsensus",
                "timedOut": false,
                "duration": 431,
                "state": "passed",
                "speed": "slow",
                "pass": true,
                "fail": false,
                "pending": false,
                "code": "await keysManager.addMiningKey(accounts[1]).should.be.fulfilled;\nawait poaNetworkConsensusMock.setSystemAddress(accounts[0]);\nawait poaNetworkConsensusMock.finalizeChange().should.be.fulfilled;\nawait keysManager.removeMiningKey(accounts[1]).should.be.fulfilled;\nlet currentValidatorsLength = await poaNetworkConsensusMock.currentValidatorsLength();\nlet pendingList = [];\nfor(let i = 0; i < currentValidatorsLength.sub(1).toNumber(); i++){\n    let pending = await poaNetworkConsensusMock.pendingList(i);\n    pendingList.push(pending);\n}\npendingList.should.not.contain(accounts[1]);\nawait poaNetworkConsensusMock.finalizeChange().should.be.fulfilled;\nconst validators = await poaNetworkConsensusMock.getValidators();\nvalidators.should.not.contain(accounts[1]);\nconst expected = currentValidatorsLength.sub(1);\nconst actual = await poaNetworkConsensusMock.currentValidatorsLength();\nexpected.should.be.bignumber.equal(actual);",
                "err": {},
                "isRoot": false,
                "uuid": "73a6c184-42a7-44ec-a97c-0584cf8e393d",
                "isHook": false,
                "skipped": false
              },
              {
                "title": "should still enforce removal of votingKey to 0x0 even if voting key didnot exist",
                "fullTitle": "Contract: KeysManager [all features] #removeMiningKey should still enforce removal of votingKey to 0x0 even if voting key didnot exist",
                "timedOut": false,
                "duration": 296,
                "state": "passed",
                "speed": "slow",
                "pass": true,
                "fail": false,
                "pending": false,
                "code": "await keysManager.removeMiningKey(accounts[1]).should.be.rejectedWith(ERROR_MSG);\nawait proxyStorageMock.setVotingContractMock(masterOfCeremony);\nawait keysManager.addMiningKey(accounts[1]).should.be.fulfilled;\nconst {logs} = await keysManager.removeMiningKey(accounts[1]).should.be.fulfilled;\nconst validator = await keysManager.validatorKeys(accounts[1]);\nconst miningKey = await keysManager.getMiningKeyByVoting(validator[0]);\nminingKey.should.be.equal('0x0000000000000000000000000000000000000000');",
                "err": {},
                "isRoot": false,
                "uuid": "745c2ab0-0d61-457e-bc38-706f59863864",
                "isHook": false,
                "skipped": false
              }
            ],
            "suites": [],
            "passes": [
              "e73aa9d5-2619-4c71-a116-b44d9b84bc6e",
              "73a6c184-42a7-44ec-a97c-0584cf8e393d",
              "745c2ab0-0d61-457e-bc38-706f59863864"
            ],
            "failures": [],
            "pending": [],
            "skipped": [],
            "duration": 1022,
            "root": false,
            "rootEmpty": false,
            "_timeout": 300000
          },
          {
            "uuid": "6d5cecae-66a2-4a35-b9b7-073fa5bc5036",
            "title": "#removeVotingKey",
            "fullFile": "/home/travis/build/oraclesorg/poa-network-consensus-contracts/test/keys_manager_test.js",
            "file": "/test/keys_manager_test.js",
            "beforeHooks": [],
            "afterHooks": [],
            "tests": [
              {
                "title": "should remove votingKey",
                "fullTitle": "Contract: KeysManager [all features] #removeVotingKey should remove votingKey",
                "timedOut": false,
                "duration": 324,
                "state": "passed",
                "speed": "slow",
                "pass": true,
                "fail": false,
                "pending": false,
[...]
                "err": {},
                "isRoot": false,
                "uuid": "9ea41616-138e-41aa-9b17-5b72e3dd3965",
                "isHook": true,
                "skipped": false
              }
            ],
            "afterHooks": [],
            "tests": [
              {
                "title": "should let a validator to vote",
                "fullTitle": "Contract: VotingToChangeProxyAddress [all features] #vote should let a validator to vote",
                "timedOut": false,
                "duration": 165,
                "state": "passed",
                "speed": "slow",
                "pass": true,
                "fail": false,
                "pending": false,
                "code": "await voting.setTime(VOTING_START_DATE);\nconst { logs } = await voting.vote(id, choice.accept, { from: votingKey }).should.be.fulfilled;\nlet progress = await voting.getProgress(id);\nprogress.should.be.bignumber.equal(1);\nlet totalVoters = await voting.getTotalVoters(id);\ntotalVoters.should.be.bignumber.equal(1);\nlogs[0].event.should.be.equal('Vote');\nlogs[0].args.decision.should.be.bignumber.equal(1);\nlogs[0].args.voter.should.be.equal(votingKey);\nlogs[0].args.time.should.be.bignumber.equal(VOTING_START_DATE);",
                "err": {},
                "isRoot": false,
                "uuid": "02ded71f-04b3-48ed-a73a-736d114ae36e",
                "isHook": false,
                "skipped": false
              },
              {
                "title": "reject vote should be accepted",
                "fullTitle": "Contract: VotingToChangeProxyAddress [all features] #vote reject vote should be accepted",
                "timedOut": false,
                "duration": 161,
                "state": "passed",
                "speed": "slow",
                "pass": true,
                "fail": false,
                "pending": false,
                "code": "await voting.setTime(VOTING_START_DATE);\nconst { logs } = await voting.vote(id, choice.reject, { from: votingKey }).should.be.fulfilled;\nlet progress = await voting.getProgress(id);\nprogress.should.be.bignumber.equal(-1);\nlet totalVoters = await voting.getTotalVoters(id);\ntotalVoters.should.be.bignumber.equal(1);\nlogs[0].event.should.be.equal('Vote');\nlogs[0].args.decision.should.be.bignumber.equal(2);\nlogs[0].args.voter.should.be.equal(votingKey);\nlogs[0].args.time.should.be.bignumber.equal(VOTING_START_DATE);",
                "err": {},
                "isRoot": false,
                "uuid": "5ab4695b-b223-4ae9-87ab-4b81a14c868f",
                "isHook": false,
                "skipped": false
              },
              {
                "title": "should allow multiple voters to vote",
                "fullTitle": "Contract: VotingToChangeProxyAddress [all features] #vote should allow multiple voters to vote",
                "timedOut": false,
                "duration": 838,
                "state": "passed",
                "speed": "slow",
                "pass": true,
                "fail": false,
                "pending": false,
                "code": "await voting.setTime(VOTING_START_DATE);\nawait voting.vote(id, choice.reject, { from: votingKey }).should.be.fulfilled;\nawait keysManager.addVotingKey(accounts[3], accounts[1]).should.be.fulfilled;\nawait voting.vote(id, choice.reject, { from: accounts[3] }).should.be.rejectedWith(ERROR_MSG);\n// add new voter\nawait keysManager.addMiningKey(accounts[2]).should.be.fulfilled;\nawait keysManager.addVotingKey(accounts[4], accounts[2]).should.be.fulfilled;\nawait voting.vote(id, choice.reject, { from: accounts[4] }).should.be.fulfilled;\nlet progress = await voting.getProgress(id);\nprogress.should.be.bignumber.equal(-2);\nlet totalVoters = await voting.getTotalVoters(id);\ntotalVoters.should.be.bignumber.equal(2);\nawait keysManager.addMiningKey(accounts[3]).should.be.fulfilled;\nawait keysManager.addVotingKey(accounts[5], accounts[3]).should.be.fulfilled;\nawait voting.vote(id, choice.accept, { from: accounts[5] }).should.be.fulfilled;\nprogress = await voting.getProgress(id);\nprogress.should.be.bignumber.equal(-1);\ntotalVoters = await voting.getTotalVoters(id);\ntotalVoters.should.be.bignumber.equal(3);",
                "err": {},
                "isRoot": false,
                "uuid": "72e4cc45-8fe8-4c64-9b21-9a24f4105d82",
                "isHook": false,
                "skipped": false
              },
              {
                "title": "should not let vote nonVoting key",
                "fullTitle": "Contract: VotingToChangeProxyAddress [all features] #vote should not let vote nonVoting key",
                "timedOut": false,
                "duration": 53,
                "state": "passed",
                "speed": "medium",
                "pass": true,
                "fail": false,
                "pending": false,
                "code": "await voting.setTime(VOTING_START_DATE);\nawait voting.vote(id, choice.reject, { from: accounts[0] }).should.be.rejectedWith(ERROR_MSG);",
                "err": {},
                "isRoot": false,
                "uuid": "eed51409-67ac-4f32-a10a-1cf35b7af1b1",
                "isHook": false,
                "skipped": false
              },
              {
                "title": "should not let vote before startTime key",
                "fullTitle": "Contract: VotingToChangeProxyAddress [all features] #vote should not let vote before startTime key",
                "timedOut": false,
                "duration": 116,
                "state": "passed",
                "speed": "slow",
                "pass": true,
                "fail": false,
                "pending": false,
                "code": "await voting.setTime(VOTING_START_DATE - 1);\nawait voting.vote(id, choice.reject, { from: votingKey }).should.be.rejectedWith(ERROR_MSG);",
                "err": {},
                "isRoot": false,
                "uuid": "5838d2dc-1685-4829-a231-3947474285b6",
                "isHook": false,
                "skipped": false
              },
              {
                "title": "should not let vote after endTime key",
                "fullTitle": "Contract: VotingToChangeProxyAddress [all features] #vote should not let vote after endTime key",
                "timedOut": false,
                "duration": 104,
                "state": "passed",
                "speed": "slow",
                "pass": true,
                "fail": false,
                "pending": false,
                "code": "await voting.setTime(VOTING_END_DATE + 1);\nawait voting.vote(id, choice.reject, { from: votingKey }).should.be.rejectedWith(ERROR_MSG);",
                "err": {},
                "isRoot": false,
                "uuid": "26bb760c-e194-4afc-a899-9df56b148329",
                "isHook": false,
                "skipped": false
              },
              {
                "title": "should not let vote with already voted key",
                "fullTitle": "Contract: VotingToChangeProxyAddress [all features] #vote should not let vote with already voted key",
                "timedOut": false,
                "duration": 196,
                "state": "passed",
                "speed": "slow",
                "pass": true,
                "fail": false,
                "pending": false,
                "code": "await voting.setTime(VOTING_END_DATE);\nawait voting.vote(id, choice.reject, { from: votingKey }).should.be.fulfilled;\nawait voting.vote(id, choice.reject, { from: votingKey }).should.be.rejectedWith(ERROR_MSG);",
                "err": {},
                "isRoot": false,
                "uuid": "250779f4-1493-4f02-a6f9-a6ac9755ed42",
                "isHook": false,
                "skipped": false
              },
              {
                "title": "should not let vote with invalid choice",
                "fullTitle": "Contract: VotingToChangeProxyAddress [all features] #vote should not let vote with invalid choice",
                "timedOut": false,
                "duration": 193,
                "state": "passed",
                "speed": "slow",
                "pass": true,
                "fail": false,
                "pending": false,
                "code": "await voting.setTime(VOTING_END_DATE);\nawait voting.vote(id, 0, { from: votingKey }).should.be.rejectedWith(ERROR_MSG);\nawait voting.vote(id, 3, { from: votingKey }).should.be.rejectedWith(ERROR_MSG);",
                "err": {},
                "isRoot": false,
                "uuid": "6b82f763-4202-43db-9386-b785843141e7",
                "isHook": false,
                "skipped": false
              },
              {
                "title": "should not let vote with invalid id",
                "fullTitle": "Contract: VotingToChangeProxyAddress [all features] #vote should not let vote with invalid id",
                "timedOut": false,
                "duration": 185,
                "state": "passed",
                "speed": "slow",
                "pass": true,
                "fail": false,
                "pending": false,
                "code": "await voting.setTime(VOTING_END_DATE);\nawait voting.vote(99, 1, { from: votingKey }).should.be.rejectedWith(ERROR_MSG);\nawait voting.vote(-3, 1, { from: votingKey }).should.be.rejectedWith(ERROR_MSG);",
                "err": {},
                "isRoot": false,
                "uuid": "368e53c8-d677-4b1f-ae68-f6c2c6958722",
                "isHook": false,
                "skipped": false
              }
            ],
            "suites": [],
            "passes": [
              "02ded71f-04b3-48ed-a73a-736d114ae36e",
              "5ab4695b-b223-4ae9-87ab-4b81a14c868f",
              "72e4cc45-8fe8-4c64-9b21-9a24f4105d82",
              "eed51409-67ac-4f32-a10a-1cf35b7af1b1",
              "5838d2dc-1685-4829-a231-3947474285b6",
              "26bb760c-e194-4afc-a899-9df56b148329",
              "250779f4-1493-4f02-a6f9-a6ac9755ed42",
              "6b82f763-4202-43db-9386-b785843141e7",
              "368e53c8-d677-4b1f-ae68-f6c2c6958722"
            ],
            "failures": [],
            "pending": [],
            "skipped": [],
            "duration": 2011,
            "root": false,
            "rootEmpty": false,
            "_timeout": 300000
          },
          {
            "uuid": "e2f49317-8a1d-4ff5-beb5-f5e1e15fca95",
            "title": "#finalize",
            "fullFile": "/home/travis/build/oraclesorg/poa-network-consensus-contracts/test/voting_to_change_proxy_test.js",
            "file": "/test/voting_to_change_proxy_test.js",
            "beforeHooks": [
              {
                "title": "\"before each\" hook",
                "fullTitle": "Contract: VotingToChangeProxyAddress [all features] #finalize \"before each\" hook",
                "timedOut": false,
                "duration": 504,
                "pass": false,
                "fail": false,
                "pending": false,
                "code": "VOTING_START_DATE = moment.utc().add(2, 'seconds').unix();\nVOTING_END_DATE = moment.utc().add(30, 'years').unix();\nawait proxyStorageMock.setVotingContractMock(accounts[0]);\nawait keysManager.addMiningKey(accounts[1]).should.be.fulfilled;\nawait keysManager.addVotingKey(votingKey, accounts[1]).should.be.fulfilled;\nawait keysManager.addMiningKey(accounts[6]).should.be.fulfilled;\nawait keysManager.addVotingKey(votingKey2, accounts[6]).should.be.fulfilled;\nawait keysManager.addMiningKey(accounts[4]).should.be.fulfilled;\nawait keysManager.addVotingKey(votingKey3, accounts[4]).should.be.fulfilled;\nawait poaNetworkConsensusMock.setSystemAddress(accounts[0]);\nawait poaNetworkConsensusMock.finalizeChange().should.be.fulfilled;\nawait proxyStorageMock.setVotingContractMock(voting.address);",
                "err": {},
                "isRoot": false,
                "uuid": "2a21db17-db38-43ab-9b16-7e4efabd8855",
                "isHook": true,
                "skipped": false
              }
            ],
            "afterHooks": [],
            "tests": [
              {
                "title": "doesnot change if it did not pass minimum threshold",
                "fullTitle": "Contract: VotingToChangeProxyAddress [all features] #finalize doesnot change if it did not pass minimum threshold",
                "timedOut": false,
                "duration": 452,
                "state": "passed",
                "speed": "slow",
                "pass": true,
                "fail": false,
                "pending": false,
                "code": "let proposedValue = 5;\nlet contractType = 1; //keysManager\nvotingId = await voting.nextBallotId();\nawait voting.createBallotToChangeProxyAddress(\n  VOTING_START_DATE, VOTING_END_DATE, accounts[5], contractType, { from: votingKey });\nawait voting.setTime(VOTING_START_DATE);\nawait voting.vote(votingId, choice.accept, { from: votingKey }).should.be.fulfilled;\n// await voting.vote(votingId, choice.accept, {from: votingKey2}).should.be.fulfilled;\nawait voting.setTime(VOTING_END_DATE + 1);\nconst { logs } = await voting.finalize(votingId, { from: votingKey }).should.be.fulfilled;\nactiveBallotsLength = await voting.activeBallotsLength();\nactiveBallotsLength.should.be.bignumber.equal(0);\ntrue.should.be.equal(await voting.getIsFinalized(votingId));\n// Finalized(msg.sender);\nlogs[0].event.should.be.equal(\"BallotFinalized\");\nlogs[0].args.voter.should.be.equal(votingKey);\nconst votingState = await voting.votingState(votingId);\nvotingState.should.be.deep.equal([\n  new web3.BigNumber(VOTING_START_DATE),\n  new web3.BigNumber(VOTING_END_DATE),\n  new web3.BigNumber(1), //totalVoters\n  new web3.BigNumber(1), //progress\n  true, //isFinalized\n  new web3.BigNumber(3), //quorumState enum QuorumStates {Invalid, InProgress, Accepted, Rejected}\n  new web3.BigNumber(0), //index\n  new web3.BigNumber(3), //minThreshold\n  accounts[5], //porposedValue\n  new web3.BigNumber(contractType)\n])\ntrue.should.be.equal(\n  await voting.hasAlreadyVoted(votingId, votingKey)\n);\nconst minThresholdOfVoters = await ballotsStorage.getBallotThreshold(1);\nminThresholdOfVoters.should.be.bignumber.equal(3);",
                "err": {},
                "isRoot": false,
                "uuid": "bab76aa3-b07e-47d2-98ac-ed088f8256ce",
                "isHook": false,
                "skipped": false
              },
              {
                "title": "should change getKeysManager address",
                "fullTitle": "Contract: VotingToChangeProxyAddress [all features] #finalize should change getKeysManager address",
                "timedOut": false,
                "duration": 684,
                "state": "passed",
                "speed": "slow",
                "pass": true,
                "fail": false,
                "pending": false,
                "code": "let contractType = 1;\nlet newAddress = accounts[5];\nawait deployAndTest({contractType, newAddress})\nnewAddress.should.be.equal(await proxyStorageMock.getKeysManager());",
                "err": {},
                "isRoot": false,
                "uuid": "4604181a-fd9b-44ca-b3a8-5fe96243a287",
                "isHook": false,
                "skipped": false
              },
              {
                "title": "should change getVotingToChangeKeys",
                "fullTitle": "Contract: VotingToChangeProxyAddress [all features] #finalize should change getVotingToChangeKeys",
                "timedOut": false,
                "duration": 813,
                "state": "passed",
                "speed": "slow",
                "pass": true,
                "fail": false,
                "pending": false,
                "code": "let contractType = 2;\nlet newAddress = accounts[5];\nawait deployAndTest({contractType, newAddress})\nnewAddress.should.be.equal(await proxyStorageMock.getVotingToChangeKeys());",
                "err": {},
                "isRoot": false,
                "uuid": "b2c42be2-6848-4dec-9518-44afe6102e8f",
                "isHook": false,
                "skipped": false
              },
              {
                "title": "should change getVotingToChangeMinThreshold",
                "fullTitle": "Contract: VotingToChangeProxyAddress [all features] #finalize should change getVotingToChangeMinThreshold",
                "timedOut": false,
                "duration": 905,
                "state": "passed",
                "speed": "slow",
                "pass": true,
                "fail": false,
                "pending": false,
                "code": "let contractType = 3;\nlet newAddress = accounts[5];\nawait deployAndTest({contractType, newAddress})\nnewAddress.should.be.equal(await proxyStorageMock.getVotingToChangeMinThreshold());",
                "err": {},
                "isRoot": false,
                "uuid": "d96ec32c-a9bc-4f02-8f0b-3833cc4c304d",
                "isHook": false,
                "skipped": false
              },
              {
                "title": "should change getVotingToChangeProxy",
                "fullTitle": "Contract: VotingToChangeProxyAddress [all features] #finalize should change getVotingToChangeProxy",
                "timedOut": false,
                "duration": 874,
                "state": "passed",
                "speed": "slow",
                "pass": true,
                "fail": false,
                "pending": false,
                "code": "let contractType = 4;\nlet newAddress = accounts[5];\nawait deployAndTest({contractType, newAddress})\nnewAddress.should.be.equal(await proxyStorageMock.getVotingToChangeProxy());",
                "err": {},
                "isRoot": false,
                "uuid": "ebec22c6-b699-482c-ac1e-229651aa110b",
                "isHook": false,
                "skipped": false
              },
              {
                "title": "should change getBallotsStorage",
                "fullTitle": "Contract: VotingToChangeProxyAddress [all features] #finalize should change getBallotsStorage",
                "timedOut": false,
                "duration": 844,
                "state": "passed",
                "speed": "slow",
                "pass": true,
                "fail": false,
                "pending": false,
                "code": "let contractType = 5;\nlet newAddress = accounts[5];\nawait deployAndTest({contractType, newAddress})\nnewAddress.should.be.equal(await proxyStorageMock.getBallotsStorage());",
                "err": {},
                "isRoot": false,
                "uuid": "fffec163-1056-4bb4-8cf1-a69f585a0a2e",
                "isHook": false,
                "skipped": false
              }
            ],
            "suites": [],
            "passes": [
              "bab76aa3-b07e-47d2-98ac-ed088f8256ce",
              "4604181a-fd9b-44ca-b3a8-5fe96243a287",
              "b2c42be2-6848-4dec-9518-44afe6102e8f",
              "d96ec32c-a9bc-4f02-8f0b-3833cc4c304d",
              "ebec22c6-b699-482c-ac1e-229651aa110b",
              "fffec163-1056-4bb4-8cf1-a69f585a0a2e"
            ],
            "failures": [],
            "pending": [],
            "skipped": [],
            "duration": 4572,
            "root": false,
            "rootEmpty": false,
            "_timeout": 300000
          }
        ],
        "passes": [],
        "failures": [],
        "pending": [],
        "skipped": [],
        "duration": 0,
        "root": false,
        "rootEmpty": false,
        "_timeout": 300000
      }
    ],
    "passes": [],
    "failures": [],
    "pending": [],
    "skipped": [],
    "duration": 0,
    "root": true,
    "rootEmpty": true,
    "_timeout": 2000
  },
  "copyrightYear": 2017
}